1577549961805	mozrunner::runner	INFO	Running command: "C:\\Program Files\\Mozilla Firefox\\firefox.exe" "-marionette" "-foreground" "-no-remote" "-profile" "C:\\Users\\hieple\\AppData\\Local\\Temp\\rust_mozprofileopkI7B"
1577549962209	addons.webextension.screenshots@mozilla.org	WARN	Loading extension 'screenshots@mozilla.org': Reading manifest: Invalid extension permission: mozillaAddons
1577549962209	addons.webextension.screenshots@mozilla.org	WARN	Loading extension 'screenshots@mozilla.org': Reading manifest: Invalid extension permission: telemetry
1577549962209	addons.webextension.screenshots@mozilla.org	WARN	Loading extension 'screenshots@mozilla.org': Reading manifest: Invalid extension permission: resource://pdf.js/
1577549962217	addons.webextension.screenshots@mozilla.org	WARN	Loading extension 'screenshots@mozilla.org': Reading manifest: Invalid extension permission: about:reader*
JavaScript error: resource://gre/modules/XULStore.jsm, line 66: Error: Can't find profile directory.
1577549963876	Marionette	INFO	Listening on port 52548
1577549963914	Marionette	WARN	TLS certificate errors will be ignored for this session
JavaScript warning: https://assets.fitbit.com/production/com.fitbit.app.foods.log.viewFoodLog.js.df02b7c020d42314d6d047a50301e7cc.js, line 214: unreachable code after return statement
JavaScript warning: https://assets.fitbit.com/production/com.fitbit.app.foods.log.viewFoodLog.js.df02b7c020d42314d6d047a50301e7cc.js, line 1404: unreachable code after return statement
JavaScript error: https://www.fitbit.com/activities, line 1923: ReferenceError: $ is not defined
JavaScript error: https://www.fitbit.com/activities, line 2752: ReferenceError: $ is not defined
[Parent 6924, Gecko_IOThread] WARNING: pipe error: 109: file z:/task_1575282935/build/src/ipc/chromium/src/chrome/common/ipc_channel_win.cc, line 341
[Parent 6924, Gecko_IOThread] WARNING: pipe error: 109: file z:/task_1575282935/build/src/ipc/chromium/src/chrome/common/ipc_channel_win.cc, line 341
[Child 5756, Chrome_ChildThread] WARNING: pipe error: 109: file z:/task_1575282935/build/src/ipc/chromium/src/chrome/common/ipc_channel_win.cc, line 34[Ch1ild 11
60, Chrome_ChildThread[Ch] WARNING: pipe error: 109: file z:/task_1575282935/build/src/ipc/chromium/src/chrome/common/ipc_channel_win.cc, line 341
[Child 1160, Chrome_Ch[Parent 6924, Gecko_IOThread] WARNING: pipe error: 109: file z:/task_1575282935/build/src/ipc/chromium/src/chrome/common/ipc_channel_win.cc, line 341
[Child 520, Chrome_ChildThread] WARNING: pipe error: 109: file z:/task_1575282935/build/src/ipc/chromium/src/chrome/common/ipc_channel_win.cc, line 341
[Child 520, Chrom1577550045077	Marionette	INFO	Stopped listening on port 52548
[GPU 2052, Chro
###!!! [Child][RunMessage] Error: Channel closing: too late to send/recv, messages will be lost


###!!! [Child][MessageChannel::SendAndWait] Error: Channel error: cannot send/recv

1577550051160	mozrunner::runner	INFO	Running command: "C:\\Program Files\\Mozilla Firefox\\firefox.exe" "-marionette" "-foreground" "-no-remote" "-profile" "C:\\Users\\hieple\\AppData\\Local\\Temp\\rust_mozprofiletHM2Sj"
1577550051629	addons.webextension.screenshots@mozilla.org	WARN	Loading extension 'screenshots@mozilla.org': Reading manifest: Invalid extension permission: mozillaAddons
1577550051630	addons.webextension.screenshots@mozilla.org	WARN	Loading extension 'screenshots@mozilla.org': Reading manifest: Invalid extension permission: telemetry
1577550051630	addons.webextension.screenshots@mozilla.org	WARN	Loading extension 'screenshots@mozilla.org': Reading manifest: Invalid extension permission: resource://pdf.js/
1577550051630	addons.webextension.screenshots@mozilla.org	WARN	Loading extension 'screenshots@mozilla.org': Reading manifest: Invalid extension permission: about:reader*
JavaScript error: resource://gre/modules/XULStore.jsm, line 66: Error: Can't find profile directory.
1577550053198	Marionette	INFO	Listening on port 52726
1577550053276	Marionette	WARN	TLS certificate errors will be ignored for this session
JavaScript warning: https://assets.fitbit.com/production/com.fitbit.app.foods.log.viewFoodLog.js.df02b7c020d42314d6d047a50301e7cc.js, line 214: unreachable code after return statement
JavaScript warning: https://assets.fitbit.com/production/com.fitbit.app.foods.log.viewFoodLog.js.df02b7c020d42314d6d047a50301e7cc.js, line 1404: unreachable code after return statement
JavaScript error: https://www.fitbit.com/activities, line 1923: ReferenceError: $ is not defined
JavaScript error: https://www.fitbit.com/activities, line 2752: ReferenceError: $ is not defined
[Parent 11120, Gecko_IOThread] WARNING: pipe error: 109: file z:/task_1575282935/build/src/ipc/chromium/src/chrome/common/ipc_channel_win.cc, line 341
[Parent 11120, Gecko_IOThread] WARNING: pipe error: 109: file z:/task_1575282935/build/src/ipc/chromium/src/chrome/common/ipc_channel_win.cc, line 341
[Child 12132, Chrome_ChildThread] WARNING: pipe error: 109: file z:/task_1575282935/build/src/ipc/chromium/src/chrome/common/ipc_channel_win.cc, lin[Chile 341
d 10056, Ch[Chilrome_ChildThread] WARNING: pipe error: 109: file z:/task_1575282935/build/src/ipc/chromium/src/chrome/common/ipc_channel_win.cc, line 341
[Child 10056, Chrome_Ch[Parent 11120, Gecko_IOThread] WARNING: pipe error: 109: file z:/task_1575282935/build/src/ipc/chromium/src/chrome/common/ipc_channel_win.cc, line 341
[Child 14500, Chrome_ChildThread] WARNING: pipe error: 109: file z:/task_1575282935/build/src/ipc/chromium/src/chrome/common/ipc_channel_win.cc, line 341
[Child 145001577550315216	Marionette	INFO	Stopped listening on port 52726
[GPU 4040, C
###!!! [Child][MessageChannel::SendAndWait] Error: Channel error: cannot send/recv

ignored for this session
JavaScript warning: https://assets.fitbit.com/production/com.fitbit.app.foods.log.viewFoodLog.js.df02b7c020d42314d6d047a50301e7cc.js, line 214: unreachable code after return statement
JavaScript warning: https://assets.fitbit.com/production/com.fitbit.app.foods.log.viewFoodLog.js.df02b7c020d42314d6d047a50301e7cc.js, line 1404: unreachable code after return statement
JavaScript error: https://www.fitbit.com/activities, line 1923: ReferenceError: $ is not defined
JavaScript error: https://www.fitbit.com/activities, line 2752: ReferenceError: $ is not defined
JavaScript error: resource:///modules/UrlbarInput.jsm, line 1817: TypeError: event.target.classList is undefined
[Parent 9620, Gecko_IOThread] WARNING: pipe error: 109: file z:/task_1575282935/build/src/ipc/chromium/src/chrome/common/ipc_channel_win.cc, line 341
[Parent 9620, Gecko_IOThread] WARNING: pipe error: 109: file z:/task_1575282935/build/src/ipc/chromium/src/chrome/common/ipc_channel_win.cc, line 341
[Child 15648, Chrome_ChildThread] WARNING: pipe error: 109: file z:/task_1575282935/build/src/ipc/chromium/sr[Child c/chro1m5528, e/coChrommonme_Child/ipc_Threadc] WARNING: pipe error: h109: annel_filewin.cc,  line 341z:/task
_157528[Child 15642935/build/src/ipc/chromium/src/chrome/common/ipc_channel_win.cc, line 341
[Child [Parent 9620, Gecko_IOThread] WARNING: pipe error: 109: file z:/task_1575282935/build/src/ipc/chromium/src/chrome/common/ipc_channel_win.cc, line 341
[Child 15472, Chrome_ChildThread] WARNING: pipe error: 109: file z:/task_1575282935/build/src/ipc/chromium/src/chrome/common/ipc_channel_win.cc, line 341
[Child 15472,1577550303158	Marionette	INFO	Stopped listening on port 52944
[
###!!! [Child][MessageChannel::SendAndWait] Error: Channel error: cannot send/recv

